<?xml version="1.0" encoding="UTF-8"?>
<testsuite name="Priority Test"
           tests="3"
           failures="0"
           errors="0"
           skipped="0"
           time="0.096">
  <properties />
  
  
            <testcase name="forthTest" time="0.032" classname="testng.SamplePriorityTest" />
                <testcase name="fifthTest" time="0.032" classname="testng.SamplePriorityTest" />
                <testcase name="firstTest" time="0.032" classname="testng.SamplePriorityTest" />
      
</testsuite>
