<?xml version="1.0" encoding="UTF-8"?>
<!-- Generated by org.testng.reporters.JUnitXMLReporter -->
<testsuite ignored="0" hostname="Lapusik" failures="0" tests="4" name="Command line test" time="32.096" errors="0" timestamp="18 Mar 2018 08:07:46 GMT">
  <testcase classname="com.com.datadriven.test.HalfEbayTest" name="halfEbayRegPageTest" time="1.268"/>
  <testcase classname="com.com.datadriven.test.HalfEbayTest" name="halfEbayRegPageTest" time="1.203"/>
  <testcase classname="com.com.datadriven.test.HalfEbayTest" name="halfEbayRegPageTest" time="1.173"/>
  <testcase classname="com.com.datadriven.test.HalfEbayTest" name="halfEbayRegPageTest" time="1.157"/>
</testsuite> <!-- Command line test -->
