<?xml version="1.0" encoding="UTF-8"?>
<!-- Generated by org.testng.reporters.JUnitXMLReporter -->
<testsuite ignored="0" hostname="Lapusik" failures="1" tests="7" name="Test" time="0.031" errors="0" timestamp="09 Mar 2018 21:28:58 GMT">
  <testcase classname="com.easybix.RestAssuredFramework.SampleTestClass1" name="firstTest" time="0.016"/>
  <testcase classname="com.easybix.RestAssuredFramework.SampleTestClass1" name="secondTest" time="0.0"/>
  <testcase classname="com.easybix.RestAssuredFramework.SampleTestClass2" name="fifthTest" time="0.0"/>
  <testcase classname="com.easybix.RestAssuredFramework.SampleTestClass2" name="fourthTest" time="0.0"/>
  <testcase classname="com.easybix.RestAssuredFramework.SampleTestClass2" name="sixthTest" time="0.0">
    <skipped/>
  </testcase> <!-- sixthTest -->
  <testcase classname="com.easybix.RestAssuredFramework.SampleTestClass2" name="sixthTest" time="0.0">
    <failure type="java.lang.ArithmeticException" message="/ by zero">
      <![CDATA[java.lang.ArithmeticException: / by zero
at com.easybix.RestAssuredFramework.SampleTestClass2.sixthTest(SampleTestClass2.java:33)
... Removed 29 stack frames]]>
    </failure>
  </testcase> <!-- sixthTest -->
  <testcase classname="com.easybix.RestAssuredFramework.SampleTestClass2" name="thirdTest" time="0.0"/>
</testsuite> <!-- Test -->
