<?xml version="1.0" encoding="UTF-8"?>
<testng-results ignored="0" total="4" passed="4" failed="0" skipped="0">
  <reporter-output>
  </reporter-output>
  <suite started-at="2018-03-18T08:07:14Z" name="Command line suite" finished-at="2018-03-18T08:07:46Z" duration-ms="32096">
    <groups>
    </groups>
    <test started-at="2018-03-18T08:07:14Z" name="Command line test" finished-at="2018-03-18T08:07:46Z" duration-ms="32096">
      <class name="com.com.datadriven.test.HalfEbayTest">
        <test-method is-config="true" signature="setUp()[pri:0, instance:com.com.datadriven.test.HalfEbayTest@384ad17b]" started-at="2018-03-18T08:07:14Z" name="setUp" finished-at="2018-03-18T08:07:22Z" duration-ms="7285" status="PASS">
          <reporter-output>
          </reporter-output>
        </test-method> <!-- setUp -->
        <test-method signature="halfEbayRegPageTest(java.lang.String, java.lang.String, java.lang.String, java.lang.String, java.lang.String, java.lang.String, java.lang.String, java.lang.String)[pri:0, instance:com.com.datadriven.test.HalfEbayTest@384ad17b]" started-at="2018-03-18T08:07:22Z" name="halfEbayRegPageTest" data-provider="getTestData" finished-at="2018-03-18T08:07:23Z" duration-ms="1268" status="PASS">
          <params>
            <param index="0">
              <value>
                <![CDATA[Tom]]>
              </value>
            </param>
            <param index="1">
              <value>
                <![CDATA[Peter]]>
              </value>
            </param>
            <param index="2">
              <value>
                <![CDATA[12,new street]]>
              </value>
            </param>
            <param index="3">
              <value>
                <![CDATA[downtown]]>
              </value>
            </param>
            <param index="4">
              <value>
                <![CDATA[Sunnyvale]]>
              </value>
            </param>
            <param index="5">
              <value>
                <![CDATA[California]]>
              </value>
            </param>
            <param index="6">
              <value>
                <![CDATA[94085.0]]>
              </value>
            </param>
            <param index="7">
              <value>
                <![CDATA[test1@gmail.com]]>
              </value>
            </param>
          </params>
          <reporter-output>
          </reporter-output>
        </test-method> <!-- halfEbayRegPageTest -->
        <test-method is-config="true" signature="tearDown()[pri:0, instance:com.com.datadriven.test.HalfEbayTest@384ad17b]" started-at="2018-03-18T08:07:23Z" name="tearDown" finished-at="2018-03-18T08:07:24Z" duration-ms="753" status="PASS">
          <reporter-output>
          </reporter-output>
        </test-method> <!-- tearDown -->
        <test-method is-config="true" signature="setUp()[pri:0, instance:com.com.datadriven.test.HalfEbayTest@384ad17b]" started-at="2018-03-18T08:07:24Z" name="setUp" finished-at="2018-03-18T08:07:29Z" duration-ms="5053" status="PASS">
          <reporter-output>
          </reporter-output>
        </test-method> <!-- setUp -->
        <test-method signature="halfEbayRegPageTest(java.lang.String, java.lang.String, java.lang.String, java.lang.String, java.lang.String, java.lang.String, java.lang.String, java.lang.String)[pri:0, instance:com.com.datadriven.test.HalfEbayTest@384ad17b]" started-at="2018-03-18T08:07:29Z" name="halfEbayRegPageTest" data-provider="getTestData" finished-at="2018-03-18T08:07:30Z" duration-ms="1203" status="PASS">
          <params>
            <param index="0">
              <value>
                <![CDATA[Reshma]]>
              </value>
            </param>
            <param index="1">
              <value>
                <![CDATA[K]]>
              </value>
            </param>
            <param index="2">
              <value>
                <![CDATA[13,new street]]>
              </value>
            </param>
            <param index="3">
              <value>
                <![CDATA[downtown]]>
              </value>
            </param>
            <param index="4">
              <value>
                <![CDATA[Sunnyvale]]>
              </value>
            </param>
            <param index="5">
              <value>
                <![CDATA[California]]>
              </value>
            </param>
            <param index="6">
              <value>
                <![CDATA[94086.0]]>
              </value>
            </param>
            <param index="7">
              <value>
                <![CDATA[test2@gmail.com]]>
              </value>
            </param>
          </params>
          <reporter-output>
          </reporter-output>
        </test-method> <!-- halfEbayRegPageTest -->
        <test-method is-config="true" signature="tearDown()[pri:0, instance:com.com.datadriven.test.HalfEbayTest@384ad17b]" started-at="2018-03-18T08:07:30Z" name="tearDown" finished-at="2018-03-18T08:07:31Z" duration-ms="725" status="PASS">
          <reporter-output>
          </reporter-output>
        </test-method> <!-- tearDown -->
        <test-method is-config="true" signature="setUp()[pri:0, instance:com.com.datadriven.test.HalfEbayTest@384ad17b]" started-at="2018-03-18T08:07:31Z" name="setUp" finished-at="2018-03-18T08:07:37Z" duration-ms="5802" status="PASS">
          <reporter-output>
          </reporter-output>
        </test-method> <!-- setUp -->
        <test-method signature="halfEbayRegPageTest(java.lang.String, java.lang.String, java.lang.String, java.lang.String, java.lang.String, java.lang.String, java.lang.String, java.lang.String)[pri:0, instance:com.com.datadriven.test.HalfEbayTest@384ad17b]" started-at="2018-03-18T08:07:37Z" name="halfEbayRegPageTest" data-provider="getTestData" finished-at="2018-03-18T08:07:38Z" duration-ms="1173" status="PASS">
          <params>
            <param index="0">
              <value>
                <![CDATA[Anirudh]]>
              </value>
            </param>
            <param index="1">
              <value>
                <![CDATA[D]]>
              </value>
            </param>
            <param index="2">
              <value>
                <![CDATA[14,new street]]>
              </value>
            </param>
            <param index="3">
              <value>
                <![CDATA[downtown]]>
              </value>
            </param>
            <param index="4">
              <value>
                <![CDATA[Sunnyvale]]>
              </value>
            </param>
            <param index="5">
              <value>
                <![CDATA[California]]>
              </value>
            </param>
            <param index="6">
              <value>
                <![CDATA[94087.0]]>
              </value>
            </param>
            <param index="7">
              <value>
                <![CDATA[test3@gmail.com]]>
              </value>
            </param>
          </params>
          <reporter-output>
          </reporter-output>
        </test-method> <!-- halfEbayRegPageTest -->
        <test-method is-config="true" signature="tearDown()[pri:0, instance:com.com.datadriven.test.HalfEbayTest@384ad17b]" started-at="2018-03-18T08:07:38Z" name="tearDown" finished-at="2018-03-18T08:07:38Z" duration-ms="740" status="PASS">
          <reporter-output>
          </reporter-output>
        </test-method> <!-- tearDown -->
        <test-method is-config="true" signature="setUp()[pri:0, instance:com.com.datadriven.test.HalfEbayTest@384ad17b]" started-at="2018-03-18T08:07:38Z" name="setUp" finished-at="2018-03-18T08:07:44Z" duration-ms="5504" status="PASS">
          <reporter-output>
          </reporter-output>
        </test-method> <!-- setUp -->
        <test-method signature="halfEbayRegPageTest(java.lang.String, java.lang.String, java.lang.String, java.lang.String, java.lang.String, java.lang.String, java.lang.String, java.lang.String)[pri:0, instance:com.com.datadriven.test.HalfEbayTest@384ad17b]" started-at="2018-03-18T08:07:44Z" name="halfEbayRegPageTest" data-provider="getTestData" finished-at="2018-03-18T08:07:45Z" duration-ms="1157" status="PASS">
          <params>
            <param index="0">
              <value>
                <![CDATA[Amreen]]>
              </value>
            </param>
            <param index="1">
              <value>
                <![CDATA[T]]>
              </value>
            </param>
            <param index="2">
              <value>
                <![CDATA[15,new street]]>
              </value>
            </param>
            <param index="3">
              <value>
                <![CDATA[downtown]]>
              </value>
            </param>
            <param index="4">
              <value>
                <![CDATA[Sunnyvale]]>
              </value>
            </param>
            <param index="5">
              <value>
                <![CDATA[California]]>
              </value>
            </param>
            <param index="6">
              <value>
                <![CDATA[94088.0]]>
              </value>
            </param>
            <param index="7">
              <value>
                <![CDATA[test4@gmail.com]]>
              </value>
            </param>
          </params>
          <reporter-output>
          </reporter-output>
        </test-method> <!-- halfEbayRegPageTest -->
        <test-method is-config="true" signature="tearDown()[pri:0, instance:com.com.datadriven.test.HalfEbayTest@384ad17b]" started-at="2018-03-18T08:07:45Z" name="tearDown" finished-at="2018-03-18T08:07:46Z" duration-ms="742" status="PASS">
          <reporter-output>
          </reporter-output>
        </test-method> <!-- tearDown -->
      </class> <!-- com.com.datadriven.test.HalfEbayTest -->
    </test> <!-- Command line test -->
  </suite> <!-- Command line suite -->
</testng-results>
