<?xml version="1.0" encoding="UTF-8"?>
<testng-results ignored="0" total="1" passed="1" failed="0" skipped="0">
  <reporter-output>
  </reporter-output>
  <suite started-at="2018-03-18T09:33:44Z" name="Command line suite" finished-at="2018-03-18T09:33:51Z" duration-ms="7303">
    <groups>
    </groups>
    <test started-at="2018-03-18T09:33:44Z" name="Command line test" finished-at="2018-03-18T09:33:51Z" duration-ms="7303">
      <class name="com.crm.qa.testcases.LoginPageTest">
        <test-method is-config="true" signature="setUp()[pri:0, instance:com.crm.qa.testcases.LoginPageTest@5fdcaa40]" started-at="2018-03-18T09:33:44Z" name="setUp" finished-at="2018-03-18T09:33:50Z" duration-ms="6410" status="PASS">
          <reporter-output>
          </reporter-output>
        </test-method> <!-- setUp -->
        <test-method signature="loginPageTitleTest()[pri:1, instance:com.crm.qa.testcases.LoginPageTest@5fdcaa40]" started-at="2018-03-18T09:33:50Z" name="loginPageTitleTest" finished-at="2018-03-18T09:33:50Z" duration-ms="18" status="PASS">
          <reporter-output>
          </reporter-output>
        </test-method> <!-- loginPageTitleTest -->
        <test-method is-config="true" signature="tearDown()[pri:0, instance:com.crm.qa.testcases.LoginPageTest@5fdcaa40]" started-at="2018-03-18T09:33:50Z" name="tearDown" finished-at="2018-03-18T09:33:51Z" duration-ms="857" status="PASS">
          <reporter-output>
          </reporter-output>
        </test-method> <!-- tearDown -->
      </class> <!-- com.crm.qa.testcases.LoginPageTest -->
    </test> <!-- Command line test -->
  </suite> <!-- Command line suite -->
</testng-results>
