-------------------------------------------------------------------------------
Test set: TestSuite
-------------------------------------------------------------------------------
Tests run: 7, Failures: 1, Errors: 0, Skipped: 1, Time elapsed: 0.687 s <<< FAILURE! - in TestSuite
sixthTest(com.easybix.RestAssuredFramework.SampleTestClass2)  Time elapsed: 0 s  <<< FAILURE!
java.lang.ArithmeticException: / by zero
	at com.easybix.RestAssuredFramework.SampleTestClass2.sixthTest(SampleTestClass2.java:33)

