<?xml version="1.0" encoding="UTF-8"?>
<testsuite xmlns:xsi="http://www.w3.org/2001/XMLSchema-instance" xsi:noNamespaceSchemaLocation="https://maven.apache.org/surefire/maven-surefire-plugin/xsd/surefire-test-report.xsd" name="TestSuite" time="0.687" tests="7" errors="0" skipped="1" failures="1">
  <properties>
[...]
</properties>
  <testcase name="firstTest" classname="com.easybix.RestAssuredFramework.SampleTestClass1" time="0.016"/>
  <testcase name="secondTest" classname="com.easybix.RestAssuredFramework.SampleTestClass1" time="0"/>
  <testcase name="fifthTest" classname="com.easybix.RestAssuredFramework.SampleTestClass2" time="0"/>
  <testcase name="fourthTest" classname="com.easybix.RestAssuredFramework.SampleTestClass2" time="0"/>
  <testcase name="sixthTest" classname="com.easybix.RestAssuredFramework.SampleTestClass2" time="0">
    <skipped message="/ by zero"/>
  </testcase>
  <testcase name="sixthTest" classname="com.easybix.RestAssuredFramework.SampleTestClass2" time="0">
    <failure message="/ by zero" type="java.lang.ArithmeticException">java.lang.ArithmeticException: / by zero
	at com.easybix.RestAssuredFramework.SampleTestClass2.sixthTest(SampleTestClass2.java:33)
</failure>
  </testcase>
  <testcase name="thirdTest" classname="com.easybix.RestAssuredFramework.SampleTestClass2" time="0"/>
</testsuite>